Using pre-set license
Built from '2020.2/release' branch; Version is '2020.2.4f1 (becced5a802b) revision 12504301'; Using compiler version '192528614'; Build Type 'Release'
OS: 'Windows 10 Pro; OS build 19042.928; Version 2009; 64bit' Language: 'en' Physical Memory: 16334 MB
BatchMode: 1, IsHumanControllingUs: 0, StartBugReporterOnCrash: 0, Is64bit: 1, IsPro: 0

 COMMAND LINE ARGUMENTS:
C:\Program Files\Unity\Hub\Editor\2020.2.4f1\Editor\Unity.exe
-adb2
-batchMode
-noUpm
-name
AssetImportWorker0
-projectPath
C:/Users/John/Documents/VIDEO GAME DESIGN AND DEVELOPMENT/Semester 3/VGP141 - Programming Fundamentals 2/Week 2 April 17/Lab 2/VGP141 Lab 2
-logFile
Logs/AssetImportWorker0.log
-srvPort
60607
Successfully changed project path to: C:/Users/John/Documents/VIDEO GAME DESIGN AND DEVELOPMENT/Semester 3/VGP141 - Programming Fundamentals 2/Week 2 April 17/Lab 2/VGP141 Lab 2
C:/Users/John/Documents/VIDEO GAME DESIGN AND DEVELOPMENT/Semester 3/VGP141 - Programming Fundamentals 2/Week 2 April 17/Lab 2/VGP141 Lab 2
Using Asset Import Pipeline V2.
Refreshing native plugins compatible for Editor in 5.68 ms, found 0 plugins.
Preloading 0 native plugins for Editor in 0.00 ms.
Initialize engine version: 2020.2.4f1 (becced5a802b)
[Subsystems] Discovering subsystems at path C:/Program Files/Unity/Hub/Editor/2020.2.4f1/Editor/Data/Resources/UnitySubsystems
[Subsystems] Discovering subsystems at path C:/Users/John/Documents/VIDEO GAME DESIGN AND DEVELOPMENT/Semester 3/VGP141 - Programming Fundamentals 2/Week 2 April 17/Lab 2/VGP141 Lab 2/Assets
GfxDevice: creating device client; threaded=0
Direct3D:
    Version:  Direct3D 11.0 [level 11.1]
    Renderer: Radeon RX 580 Series (ID=0x67df)
    Vendor:   
    VRAM:     8171 MB
    Driver:   27.20.14535.3005
Initialize mono
Mono path[0] = 'C:/Program Files/Unity/Hub/Editor/2020.2.4f1/Editor/Data/Managed'
Mono path[1] = 'C:/Program Files/Unity/Hub/Editor/2020.2.4f1/Editor/Data/MonoBleedingEdge/lib/mono/unityjit'
Mono config path = 'C:/Program Files/Unity/Hub/Editor/2020.2.4f1/Editor/Data/MonoBleedingEdge/etc'
Using monoOptions --debugger-agent=transport=dt_socket,embedding=1,server=y,suspend=n,address=127.0.0.1:56448
Begin MonoManager ReloadAssembly
Registering precompiled unity dll's ...
Register platform support module: C:/Program Files/Unity/Hub/Editor/2020.2.4f1/Editor/Data/PlaybackEngines/WindowsStandaloneSupport/UnityEditor.WindowsStandalone.Extensions.dll
Registered in 0.002430 seconds.
Native extension for WindowsStandalone target not found
Refreshing native plugins compatible for Editor in 4.20 ms, found 0 plugins.
Preloading 0 native plugins for Editor in 0.00 ms.
Invoked RoslynAnalysisRunner static constructor.
RoslynAnalysisRunner will not be running.
RoslynAnalysisRunner has terminated.
Mono: successfully reloaded assembly
- Completed reload, in  1.231 seconds
Platform modules already initialized, skipping
Registering precompiled user dll's ...
Registered in 0.000051 seconds.
Begin MonoManager ReloadAssembly
Native extension for WindowsStandalone target not found
Refreshing native plugins compatible for Editor in 0.08 ms, found 0 plugins.
Preloading 0 native plugins for Editor in 0.00 ms.
Invoked RoslynAnalysisRunner static constructor.
RoslynAnalysisRunner will not be running.
RoslynAnalysisRunner has terminated.
Mono: successfully reloaded assembly
- Completed reload, in  0.799 seconds
Platform modules already initialized, skipping
========================================================================
Worker process is ready to serve import requests
Launched and connected shader compiler UnityShaderCompiler.exe after 0.06 seconds
Refreshing native plugins compatible for Editor in 0.07 ms, found 0 plugins.
Preloading 0 native plugins for Editor in 0.00 ms.
Unloading 243 Unused Serialized files (Serialized files now loaded: 0)
System memory in use before: 31.3 MB.
System memory in use after: 31.3 MB.

Unloading 3 unused Assets to reduce memory usage. Loaded Objects now: 682.
Total: 1.338600 ms (FindLiveObjects: 0.070400 ms CreateObjectMapping: 0.009300 ms MarkObjects: 1.203500 ms  DeleteObjects: 0.054500 ms)

========================================================================
Received Import Request.
  path: Assets/Scripts/Queue.cs
  artifactKey: Guid(10e69c99b8e4f4a45ae20867b1e0b9ef) Importer(815301076,1909f56bfc062723c751e8b465ee728b)
Start importing Assets/Scripts/Queue.cs using Guid(10e69c99b8e4f4a45ae20867b1e0b9ef) Importer(815301076,1909f56bfc062723c751e8b465ee728b)  -> (artifact id: 'dbc82f5ea8b9a3bbc7583370d6086aab') in 0.035936 seconds
  Import took 0.036935 seconds .

========================================================================
Received Import Request.
  Time since last request: 1470.597806 seconds.
  path: Assets/Scripts/Canvas.cs
  artifactKey: Guid(42b4d499367b355429e9bf151aea4328) Importer(815301076,1909f56bfc062723c751e8b465ee728b)
Start importing Assets/Scripts/Canvas.cs using Guid(42b4d499367b355429e9bf151aea4328) Importer(815301076,1909f56bfc062723c751e8b465ee728b)  -> (artifact id: '0d1802db7e25cb5d7db9c3d16ce3d225') in 0.012178 seconds
  Import took 0.013253 seconds .

========================================================================
Received Import Request.
  Time since last request: 0.021349 seconds.
  path: Assets/Scripts/Canvas.cs
  artifactKey: Guid(42b4d499367b355429e9bf151aea4328) Importer(815301076,1909f56bfc062723c751e8b465ee728b)
Start importing Assets/Scripts/Canvas.cs using Guid(42b4d499367b355429e9bf151aea4328) Importer(815301076,1909f56bfc062723c751e8b465ee728b)  -> (artifact id: '0d1802db7e25cb5d7db9c3d16ce3d225') in 0.004200 seconds
  Import took 0.004963 seconds .

========================================================================
Received Import Request.
  Time since last request: 190.273900 seconds.
  path: Assets/Scripts/Canvas.cs
  artifactKey: Guid(42b4d499367b355429e9bf151aea4328) Importer(815301076,1909f56bfc062723c751e8b465ee728b)
Start importing Assets/Scripts/Canvas.cs using Guid(42b4d499367b355429e9bf151aea4328) Importer(815301076,1909f56bfc062723c751e8b465ee728b)  -> (artifact id: '0f99431d63295d95195838992314f39d') in 0.003658 seconds
  Import took 0.004658 seconds .

========================================================================
Received Import Request.
  Time since last request: 4.445871 seconds.
  path: Assets/Scripts/Canvas.cs
  artifactKey: Guid(42b4d499367b355429e9bf151aea4328) Importer(815301076,1909f56bfc062723c751e8b465ee728b)
Start importing Assets/Scripts/Canvas.cs using Guid(42b4d499367b355429e9bf151aea4328) Importer(815301076,1909f56bfc062723c751e8b465ee728b)  -> (artifact id: 'fa7fa63ecd890fcda419a0c00e4600db') in 0.003381 seconds
  Import took 0.004499 seconds .

========================================================================
Received Import Request.
  Time since last request: 25.833157 seconds.
  path: Assets/Scripts/Canvas.cs
  artifactKey: Guid(42b4d499367b355429e9bf151aea4328) Importer(815301076,1909f56bfc062723c751e8b465ee728b)
Start importing Assets/Scripts/Canvas.cs using Guid(42b4d499367b355429e9bf151aea4328) Importer(815301076,1909f56bfc062723c751e8b465ee728b)  -> (artifact id: 'a5312deacf6172030e7808a40a93e94c') in 0.003267 seconds
  Import took 0.004355 seconds .

========================================================================
Received Prepare
Registering precompiled user dll's ...
Registered in 0.000022 seconds.
Begin MonoManager ReloadAssembly
Native extension for WindowsStandalone target not found
Refreshing native plugins compatible for Editor in 0.09 ms, found 0 plugins.
Preloading 0 native plugins for Editor in 0.00 ms.
Invoked RoslynAnalysisRunner static constructor.
RoslynAnalysisRunner will not be running.
RoslynAnalysisRunner has terminated.
Mono: successfully reloaded assembly
- Completed reload, in  0.789 seconds
Platform modules already initialized, skipping
Refreshing native plugins compatible for Editor in 0.08 ms, found 0 plugins.
Preloading 0 native plugins for Editor in 0.00 ms.
Unloading 237 Unused Serialized files (Serialized files now loaded: 0)
System memory in use before: 31.1 MB.
System memory in use after: 31.1 MB.

Unloading 2 unused Assets to reduce memory usage. Loaded Objects now: 681.
Total: 1.818800 ms (FindLiveObjects: 0.187900 ms CreateObjectMapping: 0.043100 ms MarkObjects: 1.571500 ms  DeleteObjects: 0.014400 ms)

========================================================================
Received Prepare
Registering precompiled user dll's ...
Registered in 0.000040 seconds.
Begin MonoManager ReloadAssembly
Native extension for WindowsStandalone target not found
Refreshing native plugins compatible for Editor in 0.08 ms, found 0 plugins.
Preloading 0 native plugins for Editor in 0.00 ms.
Invoked RoslynAnalysisRunner static constructor.
RoslynAnalysisRunner will not be running.
RoslynAnalysisRunner has terminated.
Mono: successfully reloaded assembly
- Completed reload, in  0.757 seconds
Platform modules already initialized, skipping
Refreshing native plugins compatible for Editor in 0.08 ms, found 0 plugins.
Preloading 0 native plugins for Editor in 0.00 ms.
Unloading 237 Unused Serialized files (Serialized files now loaded: 0)
System memory in use before: 31.1 MB.
System memory in use after: 31.2 MB.

Unloading 1 unused Assets to reduce memory usage. Loaded Objects now: 681.
Total: 1.428000 ms (FindLiveObjects: 0.113600 ms CreateObjectMapping: 0.009000 ms MarkObjects: 1.291700 ms  DeleteObjects: 0.011800 ms)

========================================================================
Received Prepare
Registering precompiled user dll's ...
Registered in 0.000033 seconds.
Begin MonoManager ReloadAssembly
Native extension for WindowsStandalone target not found
Refreshing native plugins compatible for Editor in 0.09 ms, found 0 plugins.
Preloading 0 native plugins for Editor in 0.00 ms.
Invoked RoslynAnalysisRunner static constructor.
RoslynAnalysisRunner will not be running.
RoslynAnalysisRunner has terminated.
Mono: successfully reloaded assembly
- Completed reload, in  0.768 seconds
Platform modules already initialized, skipping
Refreshing native plugins compatible for Editor in 0.08 ms, found 0 plugins.
Preloading 0 native plugins for Editor in 0.00 ms.
Unloading 237 Unused Serialized files (Serialized files now loaded: 0)
System memory in use before: 31.2 MB.
System memory in use after: 31.2 MB.

Unloading 1 unused Assets to reduce memory usage. Loaded Objects now: 681.
Total: 1.311100 ms (FindLiveObjects: 0.094200 ms CreateObjectMapping: 0.008100 ms MarkObjects: 1.193200 ms  DeleteObjects: 0.014000 ms)

========================================================================
Received Prepare
Registering precompiled user dll's ...
Registered in 0.000029 seconds.
Begin MonoManager ReloadAssembly
Native extension for WindowsStandalone target not found
Refreshing native plugins compatible for Editor in 0.08 ms, found 0 plugins.
Preloading 0 native plugins for Editor in 0.00 ms.
Invoked RoslynAnalysisRunner static constructor.
RoslynAnalysisRunner will not be running.
RoslynAnalysisRunner has terminated.
Mono: successfully reloaded assembly
- Completed reload, in  0.748 seconds
Platform modules already initialized, skipping
Refreshing native plugins compatible for Editor in 0.08 ms, found 0 plugins.
Preloading 0 native plugins for Editor in 0.00 ms.
Unloading 237 Unused Serialized files (Serialized files now loaded: 0)
System memory in use before: 31.2 MB.
System memory in use after: 31.2 MB.

Unloading 1 unused Assets to reduce memory usage. Loaded Objects now: 681.
Total: 1.375700 ms (FindLiveObjects: 0.083400 ms CreateObjectMapping: 0.008700 ms MarkObjects: 1.268900 ms  DeleteObjects: 0.013400 ms)

========================================================================
Received Prepare
Registering precompiled user dll's ...
Registered in 0.000036 seconds.
Begin MonoManager ReloadAssembly
Native extension for WindowsStandalone target not found
Refreshing native plugins compatible for Editor in 0.09 ms, found 0 plugins.
Preloading 0 native plugins for Editor in 0.00 ms.
Invoked RoslynAnalysisRunner static constructor.
RoslynAnalysisRunner will not be running.
RoslynAnalysisRunner has terminated.
Mono: successfully reloaded assembly
- Completed reload, in  0.743 seconds
Platform modules already initialized, skipping
Refreshing native plugins compatible for Editor in 0.08 ms, found 0 plugins.
Preloading 0 native plugins for Editor in 0.00 ms.
Unloading 237 Unused Serialized files (Serialized files now loaded: 0)
System memory in use before: 31.2 MB.
System memory in use after: 31.2 MB.

Unloading 1 unused Assets to reduce memory usage. Loaded Objects now: 681.
Total: 1.341600 ms (FindLiveObjects: 0.094700 ms CreateObjectMapping: 0.009400 ms MarkObjects: 1.224400 ms  DeleteObjects: 0.011700 ms)

========================================================================
Received Prepare
Registering precompiled user dll's ...
Registered in 0.000035 seconds.
Begin MonoManager ReloadAssembly
Native extension for WindowsStandalone target not found
Refreshing native plugins compatible for Editor in 0.08 ms, found 0 plugins.
Preloading 0 native plugins for Editor in 0.00 ms.
Invoked RoslynAnalysisRunner static constructor.
RoslynAnalysisRunner will not be running.
RoslynAnalysisRunner has terminated.
Mono: successfully reloaded assembly
- Completed reload, in  0.740 seconds
Platform modules already initialized, skipping
Refreshing native plugins compatible for Editor in 0.08 ms, found 0 plugins.
Preloading 0 native plugins for Editor in 0.00 ms.
Unloading 237 Unused Serialized files (Serialized files now loaded: 0)
System memory in use before: 31.2 MB.
System memory in use after: 31.2 MB.

Unloading 1 unused Assets to reduce memory usage. Loaded Objects now: 681.
Total: 1.286500 ms (FindLiveObjects: 0.119600 ms CreateObjectMapping: 0.009100 ms MarkObjects: 1.146400 ms  DeleteObjects: 0.009800 ms)

========================================================================
Received Prepare
Registering precompiled user dll's ...
Registered in 0.000031 seconds.
Begin MonoManager ReloadAssembly
Native extension for WindowsStandalone target not found
Refreshing native plugins compatible for Editor in 0.09 ms, found 0 plugins.
Preloading 0 native plugins for Editor in 0.00 ms.
Invoked RoslynAnalysisRunner static constructor.
RoslynAnalysisRunner will not be running.
RoslynAnalysisRunner has terminated.
Mono: successfully reloaded assembly
- Completed reload, in  0.737 seconds
Platform modules already initialized, skipping
Refreshing native plugins compatible for Editor in 0.08 ms, found 0 plugins.
Preloading 0 native plugins for Editor in 0.00 ms.
Unloading 237 Unused Serialized files (Serialized files now loaded: 0)
System memory in use before: 31.2 MB.
System memory in use after: 31.2 MB.

Unloading 1 unused Assets to reduce memory usage. Loaded Objects now: 681.
Total: 1.224900 ms (FindLiveObjects: 0.093500 ms CreateObjectMapping: 0.008700 ms MarkObjects: 1.112100 ms  DeleteObjects: 0.009400 ms)

========================================================================
Received Prepare
Registering precompiled user dll's ...
Registered in 0.000031 seconds.
Begin MonoManager ReloadAssembly
Native extension for WindowsStandalone target not found
Refreshing native plugins compatible for Editor in 0.10 ms, found 0 plugins.
Preloading 0 native plugins for Editor in 0.00 ms.
Invoked RoslynAnalysisRunner static constructor.
RoslynAnalysisRunner will not be running.
RoslynAnalysisRunner has terminated.
Mono: successfully reloaded assembly
- Completed reload, in  0.727 seconds
Platform modules already initialized, skipping
Refreshing native plugins compatible for Editor in 0.08 ms, found 0 plugins.
Preloading 0 native plugins for Editor in 0.00 ms.
Unloading 237 Unused Serialized files (Serialized files now loaded: 0)
System memory in use before: 31.2 MB.
System memory in use after: 31.2 MB.

Unloading 1 unused Assets to reduce memory usage. Loaded Objects now: 681.
Total: 1.285200 ms (FindLiveObjects: 0.088200 ms CreateObjectMapping: 0.011400 ms MarkObjects: 1.175900 ms  DeleteObjects: 0.008800 ms)

========================================================================
Received Prepare
Registering precompiled user dll's ...
Registered in 0.000038 seconds.
Begin MonoManager ReloadAssembly
Native extension for WindowsStandalone target not found
Refreshing native plugins compatible for Editor in 0.08 ms, found 0 plugins.
Preloading 0 native plugins for Editor in 0.00 ms.
Invoked RoslynAnalysisRunner static constructor.
RoslynAnalysisRunner will not be running.
RoslynAnalysisRunner has terminated.
Mono: successfully reloaded assembly
- Completed reload, in  0.742 seconds
Platform modules already initialized, skipping
Refreshing native plugins compatible for Editor in 0.08 ms, found 0 plugins.
Preloading 0 native plugins for Editor in 0.00 ms.
Unloading 237 Unused Serialized files (Serialized files now loaded: 0)
System memory in use before: 31.2 MB.
System memory in use after: 31.2 MB.

Unloading 1 unused Assets to reduce memory usage. Loaded Objects now: 681.
Total: 1.227100 ms (FindLiveObjects: 0.079800 ms CreateObjectMapping: 0.009000 ms MarkObjects: 1.128300 ms  DeleteObjects: 0.008900 ms)

========================================================================
Received Import Request.
  Time since last request: 2062.329700 seconds.
  path: Assets/Scripts/Canvas.cs
  artifactKey: Guid(42b4d499367b355429e9bf151aea4328) Importer(815301076,1909f56bfc062723c751e8b465ee728b)
Start importing Assets/Scripts/Canvas.cs using Guid(42b4d499367b355429e9bf151aea4328) Importer(815301076,1909f56bfc062723c751e8b465ee728b)  -> (artifact id: 'b324d13bb8b3b98c54de7747c11807c0') in 0.004783 seconds
  Import took 0.005790 seconds .

========================================================================
Received Import Request.
  Time since last request: 0.029938 seconds.
  path: Assets/Scripts/Canvas.cs
  artifactKey: Guid(42b4d499367b355429e9bf151aea4328) Importer(815301076,1909f56bfc062723c751e8b465ee728b)
Start importing Assets/Scripts/Canvas.cs using Guid(42b4d499367b355429e9bf151aea4328) Importer(815301076,1909f56bfc062723c751e8b465ee728b)  -> (artifact id: 'b324d13bb8b3b98c54de7747c11807c0') in 0.003636 seconds
  Import took 0.004434 seconds .

========================================================================
Received Prepare
Registering precompiled user dll's ...
Registered in 0.000022 seconds.
Begin MonoManager ReloadAssembly
Native extension for WindowsStandalone target not found
Refreshing native plugins compatible for Editor in 0.09 ms, found 0 plugins.
Preloading 0 native plugins for Editor in 0.00 ms.
Invoked RoslynAnalysisRunner static constructor.
RoslynAnalysisRunner will not be running.
RoslynAnalysisRunner has terminated.
Mono: successfully reloaded assembly
- Completed reload, in  0.751 seconds
Platform modules already initialized, skipping
Refreshing native plugins compatible for Editor in 0.09 ms, found 0 plugins.
Preloading 0 native plugins for Editor in 0.00 ms.
Unloading 237 Unused Serialized files (Serialized files now loaded: 0)
System memory in use before: 31.2 MB.
System memory in use after: 31.2 MB.

Unloading 1 unused Assets to reduce memory usage. Loaded Objects now: 681.
Total: 1.597400 ms (FindLiveObjects: 0.215900 ms CreateObjectMapping: 0.011800 ms MarkObjects: 1.353600 ms  DeleteObjects: 0.014900 ms)

========================================================================
Received Prepare
Registering precompiled user dll's ...
Registered in 0.000044 seconds.
Begin MonoManager ReloadAssembly
Native extension for WindowsStandalone target not found
Refreshing native plugins compatible for Editor in 0.08 ms, found 0 plugins.
Preloading 0 native plugins for Editor in 0.00 ms.
Invoked RoslynAnalysisRunner static constructor.
RoslynAnalysisRunner will not be running.
RoslynAnalysisRunner has terminated.
Mono: successfully reloaded assembly
- Completed reload, in  0.748 seconds
Platform modules already initialized, skipping
Refreshing native plugins compatible for Editor in 0.08 ms, found 0 plugins.
Preloading 0 native plugins for Editor in 0.00 ms.
Unloading 237 Unused Serialized files (Serialized files now loaded: 0)
System memory in use before: 31.2 MB.
System memory in use after: 31.2 MB.

Unloading 1 unused Assets to reduce memory usage. Loaded Objects now: 681.
Total: 1.334600 ms (FindLiveObjects: 0.088000 ms CreateObjectMapping: 0.008900 ms MarkObjects: 1.221700 ms  DeleteObjects: 0.014800 ms)

========================================================================
Received Prepare
Registering precompiled user dll's ...
Registered in 0.000026 seconds.
Begin MonoManager ReloadAssembly
Native extension for WindowsStandalone target not found
Refreshing native plugins compatible for Editor in 0.08 ms, found 0 plugins.
Preloading 0 native plugins for Editor in 0.00 ms.
Invoked RoslynAnalysisRunner static constructor.
RoslynAnalysisRunner will not be running.
RoslynAnalysisRunner has terminated.
Mono: successfully reloaded assembly
- Completed reload, in  0.747 seconds
Platform modules already initialized, skipping
Refreshing native plugins compatible for Editor in 0.08 ms, found 0 plugins.
Preloading 0 native plugins for Editor in 0.00 ms.
Unloading 237 Unused Serialized files (Serialized files now loaded: 0)
System memory in use before: 31.2 MB.
System memory in use after: 31.2 MB.

Unloading 1 unused Assets to reduce memory usage. Loaded Objects now: 681.
Total: 1.327700 ms (FindLiveObjects: 0.083100 ms CreateObjectMapping: 0.007800 ms MarkObjects: 1.223400 ms  DeleteObjects: 0.012200 ms)

========================================================================
Received Prepare
Registering precompiled user dll's ...
Registered in 0.000027 seconds.
Begin MonoManager ReloadAssembly
Native extension for WindowsStandalone target not found
Refreshing native plugins compatible for Editor in 0.08 ms, found 0 plugins.
Preloading 0 native plugins for Editor in 0.00 ms.
Invoked RoslynAnalysisRunner static constructor.
RoslynAnalysisRunner will not be running.
RoslynAnalysisRunner has terminated.
Mono: successfully reloaded assembly
- Completed reload, in  0.744 seconds
Platform modules already initialized, skipping
Refreshing native plugins compatible for Editor in 0.08 ms, found 0 plugins.
Preloading 0 native plugins for Editor in 0.00 ms.
Unloading 237 Unused Serialized files (Serialized files now loaded: 0)
System memory in use before: 31.2 MB.
System memory in use after: 31.2 MB.

Unloading 1 unused Assets to reduce memory usage. Loaded Objects now: 681.
Total: 1.406300 ms (FindLiveObjects: 0.091600 ms CreateObjectMapping: 0.008900 ms MarkObjects: 1.293900 ms  DeleteObjects: 0.010700 ms)

========================================================================
Received Prepare
Registering precompiled user dll's ...
Registered in 0.000038 seconds.
Begin MonoManager ReloadAssembly
Native extension for WindowsStandalone target not found
Refreshing native plugins compatible for Editor in 0.08 ms, found 0 plugins.
Preloading 0 native plugins for Editor in 0.00 ms.
Invoked RoslynAnalysisRunner static constructor.
RoslynAnalysisRunner will not be running.
RoslynAnalysisRunner has terminated.
Mono: successfully reloaded assembly
- Completed reload, in  0.747 seconds
Platform modules already initialized, skipping
Refreshing native plugins compatible for Editor in 0.08 ms, found 0 plugins.
Preloading 0 native plugins for Editor in 0.00 ms.
Unloading 237 Unused Serialized files (Serialized files now loaded: 0)
System memory in use before: 31.2 MB.
System memory in use after: 31.2 MB.

Unloading 1 unused Assets to reduce memory usage. Loaded Objects now: 681.
Total: 1.242300 ms (FindLiveObjects: 0.076700 ms CreateObjectMapping: 0.010800 ms MarkObjects: 1.140900 ms  DeleteObjects: 0.011800 ms)

========================================================================
Received Prepare
Registering precompiled user dll's ...
Registered in 0.000025 seconds.
Begin MonoManager ReloadAssembly
Native extension for WindowsStandalone target not found
Refreshing native plugins compatible for Editor in 0.08 ms, found 0 plugins.
Preloading 0 native plugins for Editor in 0.00 ms.
Invoked RoslynAnalysisRunner static constructor.
RoslynAnalysisRunner will not be running.
RoslynAnalysisRunner has terminated.
Mono: successfully reloaded assembly
- Completed reload, in  0.744 seconds
Platform modules already initialized, skipping
Refreshing native plugins compatible for Editor in 0.08 ms, found 0 plugins.
Preloading 0 native plugins for Editor in 0.00 ms.
Unloading 237 Unused Serialized files (Serialized files now loaded: 0)
System memory in use before: 31.2 MB.
System memory in use after: 31.2 MB.

Unloading 1 unused Assets to reduce memory usage. Loaded Objects now: 681.
Total: 1.506100 ms (FindLiveObjects: 0.098300 ms CreateObjectMapping: 0.009900 ms MarkObjects: 1.384200 ms  DeleteObjects: 0.012700 ms)

========================================================================
Received Prepare
Registering precompiled user dll's ...
Registered in 0.000023 seconds.
Begin MonoManager ReloadAssembly
Native extension for WindowsStandalone target not found
Refreshing native plugins compatible for Editor in 0.08 ms, found 0 plugins.
Preloading 0 native plugins for Editor in 0.00 ms.
Invoked RoslynAnalysisRunner static constructor.
RoslynAnalysisRunner will not be running.
RoslynAnalysisRunner has terminated.
Mono: successfully reloaded assembly
- Completed reload, in  0.752 seconds
Platform modules already initialized, skipping
Refreshing native plugins compatible for Editor in 0.08 ms, found 0 plugins.
Preloading 0 native plugins for Editor in 0.00 ms.
Unloading 237 Unused Serialized files (Serialized files now loaded: 0)
System memory in use before: 31.2 MB.
System memory in use after: 31.2 MB.

Unloading 1 unused Assets to reduce memory usage. Loaded Objects now: 681.
Total: 1.255600 ms (FindLiveObjects: 0.074000 ms CreateObjectMapping: 0.008100 ms MarkObjects: 1.163000 ms  DeleteObjects: 0.009500 ms)

========================================================================
Received Prepare
Registering precompiled user dll's ...
Registered in 0.000099 seconds.
Begin MonoManager ReloadAssembly
Native extension for WindowsStandalone target not found
Refreshing native plugins compatible for Editor in 0.14 ms, found 0 plugins.
Preloading 0 native plugins for Editor in 0.00 ms.
Invoked RoslynAnalysisRunner static constructor.
RoslynAnalysisRunner will not be running.
RoslynAnalysisRunner has terminated.
Mono: successfully reloaded assembly
- Completed reload, in  0.908 seconds
Platform modules already initialized, skipping
Refreshing native plugins compatible for Editor in 0.08 ms, found 0 plugins.
Preloading 0 native plugins for Editor in 0.00 ms.
Unloading 237 Unused Serialized files (Serialized files now loaded: 0)
System memory in use before: 31.2 MB.
System memory in use after: 31.2 MB.

Unloading 1 unused Assets to reduce memory usage. Loaded Objects now: 681.
Total: 1.398100 ms (FindLiveObjects: 0.151400 ms CreateObjectMapping: 0.012300 ms MarkObjects: 1.220900 ms  DeleteObjects: 0.012100 ms)

========================================================================
Received Import Request.
  Time since last request: 515.105570 seconds.
  path: Assets/Scripts/GameManager.cs
  artifactKey: Guid(b676ddc963bf0c147bb10f71b64e6d0b) Importer(815301076,1909f56bfc062723c751e8b465ee728b)
Start importing Assets/Scripts/GameManager.cs using Guid(b676ddc963bf0c147bb10f71b64e6d0b) Importer(815301076,1909f56bfc062723c751e8b465ee728b)  -> (artifact id: '40f8f0ff07bb313d103bd769c20798a9') in 0.010619 seconds
  Import took 0.011467 seconds .

========================================================================
Received Import Request.
  Time since last request: 27.951236 seconds.
  path: Assets/Scripts/GameManager.cs
  artifactKey: Guid(b676ddc963bf0c147bb10f71b64e6d0b) Importer(815301076,1909f56bfc062723c751e8b465ee728b)
Start importing Assets/Scripts/GameManager.cs using Guid(b676ddc963bf0c147bb10f71b64e6d0b) Importer(815301076,1909f56bfc062723c751e8b465ee728b)  -> (artifact id: '7e3ffae8ca46f67cc98b83ea74020029') in 0.005347 seconds
  Import took 0.006574 seconds .

========================================================================
Received Prepare
Registering precompiled user dll's ...
Registered in 0.000021 seconds.
Begin MonoManager ReloadAssembly
Native extension for WindowsStandalone target not found
Refreshing native plugins compatible for Editor in 0.08 ms, found 0 plugins.
Preloading 0 native plugins for Editor in 0.00 ms.
Invoked RoslynAnalysisRunner static constructor.
RoslynAnalysisRunner will not be running.
RoslynAnalysisRunner has terminated.
Mono: successfully reloaded assembly
- Completed reload, in  0.745 seconds
Platform modules already initialized, skipping
Refreshing native plugins compatible for Editor in 0.14 ms, found 0 plugins.
Preloading 0 native plugins for Editor in 0.00 ms.
Unloading 237 Unused Serialized files (Serialized files now loaded: 0)
System memory in use before: 31.2 MB.
System memory in use after: 31.2 MB.

Unloading 1 unused Assets to reduce memory usage. Loaded Objects now: 681.
Total: 1.831200 ms (FindLiveObjects: 0.097800 ms CreateObjectMapping: 0.010100 ms MarkObjects: 1.708200 ms  DeleteObjects: 0.013500 ms)

========================================================================
Received Import Request.
  Time since last request: 2.966011 seconds.
  path: Assets/Scripts/GameManager.cs
  artifactKey: Guid(b676ddc963bf0c147bb10f71b64e6d0b) Importer(815301076,1909f56bfc062723c751e8b465ee728b)
Start importing Assets/Scripts/GameManager.cs using Guid(b676ddc963bf0c147bb10f71b64e6d0b) Importer(815301076,1909f56bfc062723c751e8b465ee728b)  -> (artifact id: 'fa4c248babc5b2395feabe1edc9a5afd') in 0.004778 seconds
  Import took 0.005661 seconds .

========================================================================
Received Prepare
Registering precompiled user dll's ...
Registered in 0.000025 seconds.
Begin MonoManager ReloadAssembly
Native extension for WindowsStandalone target not found
Refreshing native plugins compatible for Editor in 0.09 ms, found 0 plugins.
Preloading 0 native plugins for Editor in 0.00 ms.
Invoked RoslynAnalysisRunner static constructor.
RoslynAnalysisRunner will not be running.
RoslynAnalysisRunner has terminated.
Mono: successfully reloaded assembly
- Completed reload, in  0.755 seconds
Platform modules already initialized, skipping
Refreshing native plugins compatible for Editor in 0.09 ms, found 0 plugins.
Preloading 0 native plugins for Editor in 0.00 ms.
Unloading 237 Unused Serialized files (Serialized files now loaded: 0)
System memory in use before: 31.2 MB.
System memory in use after: 31.2 MB.

Unloading 1 unused Assets to reduce memory usage. Loaded Objects now: 681.
Total: 1.229800 ms (FindLiveObjects: 0.080500 ms CreateObjectMapping: 0.008700 ms MarkObjects: 1.130800 ms  DeleteObjects: 0.008600 ms)

========================================================================
Received Import Request.
  Time since last request: 4.404206 seconds.
  path: Assets/Scripts/GameManager.cs
  artifactKey: Guid(b676ddc963bf0c147bb10f71b64e6d0b) Importer(815301076,1909f56bfc062723c751e8b465ee728b)
Start importing Assets/Scripts/GameManager.cs using Guid(b676ddc963bf0c147bb10f71b64e6d0b) Importer(815301076,1909f56bfc062723c751e8b465ee728b)  -> (artifact id: 'ba3d3321742bb0a50c63e6c530c7b24e') in 0.005717 seconds
  Import took 0.006684 seconds .

========================================================================
Received Prepare
Registering precompiled user dll's ...
Registered in 0.000028 seconds.
Begin MonoManager ReloadAssembly
Native extension for WindowsStandalone target not found
Refreshing native plugins compatible for Editor in 0.08 ms, found 0 plugins.
Preloading 0 native plugins for Editor in 0.00 ms.
Invoked RoslynAnalysisRunner static constructor.
RoslynAnalysisRunner will not be running.
RoslynAnalysisRunner has terminated.
Mono: successfully reloaded assembly
- Completed reload, in  0.745 seconds
Platform modules already initialized, skipping
Refreshing native plugins compatible for Editor in 0.08 ms, found 0 plugins.
Preloading 0 native plugins for Editor in 0.00 ms.
Unloading 237 Unused Serialized files (Serialized files now loaded: 0)
System memory in use before: 31.2 MB.
System memory in use after: 31.3 MB.

Unloading 1 unused Assets to reduce memory usage. Loaded Objects now: 681.
Total: 1.299300 ms (FindLiveObjects: 0.089400 ms CreateObjectMapping: 0.008900 ms MarkObjects: 1.188400 ms  DeleteObjects: 0.011500 ms)

========================================================================
Received Import Request.
  Time since last request: 23.440322 seconds.
  path: Assets/BurgerSpawn.prefab
  artifactKey: Guid(38e60590b36352b43b28b074756f15ed) Importer(815301076,1909f56bfc062723c751e8b465ee728b)
Start importing Assets/BurgerSpawn.prefab using Guid(38e60590b36352b43b28b074756f15ed) Importer(815301076,1909f56bfc062723c751e8b465ee728b)  -> (artifact id: 'cec64816fca69513dbc4d6c48605c276') in 0.038075 seconds
  Import took 0.039006 seconds .

========================================================================
Received Import Request.
  Time since last request: 3.644857 seconds.
  path: Assets/Scripts/GameManager.cs
  artifactKey: Guid(b676ddc963bf0c147bb10f71b64e6d0b) Importer(815301076,1909f56bfc062723c751e8b465ee728b)
Start importing Assets/Scripts/GameManager.cs using Guid(b676ddc963bf0c147bb10f71b64e6d0b) Importer(815301076,1909f56bfc062723c751e8b465ee728b)  -> (artifact id: '9ff23e37261de049a7253b6fd24cf2c4') in 0.004222 seconds
  Import took 0.005189 seconds .

========================================================================
Received Prepare
Registering precompiled user dll's ...
Registered in 0.000025 seconds.
Begin MonoManager ReloadAssembly
Native extension for WindowsStandalone target not found
Refreshing native plugins compatible for Editor in 0.08 ms, found 0 plugins.
Preloading 0 native plugins for Editor in 0.00 ms.
Invoked RoslynAnalysisRunner static constructor.
RoslynAnalysisRunner will not be running.
RoslynAnalysisRunner has terminated.
Mono: successfully reloaded assembly
- Completed reload, in  0.761 seconds
Platform modules already initialized, skipping
Refreshing native plugins compatible for Editor in 0.08 ms, found 0 plugins.
Preloading 0 native plugins for Editor in 0.00 ms.
Unloading 237 Unused Serialized files (Serialized files now loaded: 0)
System memory in use before: 31.3 MB.
System memory in use after: 31.3 MB.

Unloading 1 unused Assets to reduce memory usage. Loaded Objects now: 681.
Total: 1.320800 ms (FindLiveObjects: 0.075300 ms CreateObjectMapping: 0.008600 ms MarkObjects: 1.227600 ms  DeleteObjects: 0.008500 ms)

========================================================================
Received Import Request.
  Time since last request: 3.855330 seconds.
  path: Assets/SoupSpawn.prefab
  artifactKey: Guid(f6fb9ed2da224e8468aad449296f6499) Importer(815301076,1909f56bfc062723c751e8b465ee728b)
Start importing Assets/SoupSpawn.prefab using Guid(f6fb9ed2da224e8468aad449296f6499) Importer(815301076,1909f56bfc062723c751e8b465ee728b)  -> (artifact id: 'a0040270f29154aeb0af0172f440e036') in 0.030957 seconds
  Import took 0.031811 seconds .

========================================================================
Received Import Request.
  Time since last request: 0.001634 seconds.
  path: Assets/SoupSpawn.prefab
  artifactKey: Guid(f6fb9ed2da224e8468aad449296f6499) Importer(815301076,1909f56bfc062723c751e8b465ee728b)
Start importing Assets/SoupSpawn.prefab using Guid(f6fb9ed2da224e8468aad449296f6499) Importer(815301076,1909f56bfc062723c751e8b465ee728b)  -> (artifact id: 'a0040270f29154aeb0af0172f440e036') in 0.004940 seconds
  Import took 0.005924 seconds .

========================================================================
Received Import Request.
  Time since last request: 1.032876 seconds.
  path: Assets/PizzaSpawn.prefab
  artifactKey: Guid(375f1c459af4df94b9af4506b3397f74) Importer(815301076,1909f56bfc062723c751e8b465ee728b)
Start importing Assets/PizzaSpawn.prefab using Guid(375f1c459af4df94b9af4506b3397f74) Importer(815301076,1909f56bfc062723c751e8b465ee728b)  -> (artifact id: '0a3882f14632f5e7fd2324ecd2924b44') in 0.012194 seconds
  Import took 0.013223 seconds .

========================================================================
Received Import Request.
  Time since last request: 4.993984 seconds.
  path: Assets/Scripts/GameManager.cs
  artifactKey: Guid(b676ddc963bf0c147bb10f71b64e6d0b) Importer(815301076,1909f56bfc062723c751e8b465ee728b)
Start importing Assets/Scripts/GameManager.cs using Guid(b676ddc963bf0c147bb10f71b64e6d0b) Importer(815301076,1909f56bfc062723c751e8b465ee728b)  -> (artifact id: '0b3512ab9a54e0277569290db392402e') in 0.004109 seconds
  Import took 0.006196 seconds .

========================================================================
Received Prepare
Registering precompiled user dll's ...
Registered in 0.000026 seconds.
Begin MonoManager ReloadAssembly
Native extension for WindowsStandalone target not found
Refreshing native plugins compatible for Editor in 0.09 ms, found 0 plugins.
Preloading 0 native plugins for Editor in 0.00 ms.
Invoked RoslynAnalysisRunner static constructor.
RoslynAnalysisRunner will not be running.
RoslynAnalysisRunner has terminated.
Mono: successfully reloaded assembly
- Completed reload, in  0.751 seconds
Platform modules already initialized, skipping
Refreshing native plugins compatible for Editor in 0.08 ms, found 0 plugins.
Preloading 0 native plugins for Editor in 0.00 ms.
Unloading 237 Unused Serialized files (Serialized files now loaded: 0)
System memory in use before: 31.3 MB.
System memory in use after: 31.3 MB.

Unloading 1 unused Assets to reduce memory usage. Loaded Objects now: 681.
Total: 1.250500 ms (FindLiveObjects: 0.074100 ms CreateObjectMapping: 0.008400 ms MarkObjects: 1.155300 ms  DeleteObjects: 0.010700 ms)

========================================================================
Received Import Request.
  Time since last request: 3.709460 seconds.
  path: Assets/Scripts/GameManager.cs
  artifactKey: Guid(b676ddc963bf0c147bb10f71b64e6d0b) Importer(815301076,1909f56bfc062723c751e8b465ee728b)
Start importing Assets/Scripts/GameManager.cs using Guid(b676ddc963bf0c147bb10f71b64e6d0b) Importer(815301076,1909f56bfc062723c751e8b465ee728b)  -> (artifact id: '12205cc8e991fce0af3c5e692c9025bf') in 0.005583 seconds
  Import took 0.008194 seconds .

========================================================================
Received Prepare
Registering precompiled user dll's ...
Registered in 0.000029 seconds.
Begin MonoManager ReloadAssembly
Native extension for WindowsStandalone target not found
Refreshing native plugins compatible for Editor in 0.09 ms, found 0 plugins.
Preloading 0 native plugins for Editor in 0.00 ms.
Invoked RoslynAnalysisRunner static constructor.
RoslynAnalysisRunner will not be running.
RoslynAnalysisRunner has terminated.
Mono: successfully reloaded assembly
- Completed reload, in  0.740 seconds
Platform modules already initialized, skipping
Refreshing native plugins compatible for Editor in 0.08 ms, found 0 plugins.
Preloading 0 native plugins for Editor in 0.00 ms.
Unloading 237 Unused Serialized files (Serialized files now loaded: 0)
System memory in use before: 31.3 MB.
System memory in use after: 31.3 MB.

Unloading 1 unused Assets to reduce memory usage. Loaded Objects now: 681.
Total: 1.573300 ms (FindLiveObjects: 0.107900 ms CreateObjectMapping: 0.009700 ms MarkObjects: 1.441000 ms  DeleteObjects: 0.013700 ms)

========================================================================
Received Import Request.
  Time since last request: 10.629446 seconds.
  path: Assets/Prefabs
  artifactKey: Guid(b8e197fe9509074499097ccf5d12d9f5) Importer(815301076,1909f56bfc062723c751e8b465ee728b)
Start importing Assets/Prefabs using Guid(b8e197fe9509074499097ccf5d12d9f5) Importer(815301076,1909f56bfc062723c751e8b465ee728b)  -> (artifact id: '9cdca21fcf0d023206372043c869462a') in 0.012067 seconds
  Import took 0.012979 seconds .

========================================================================
Received Import Request.
  Time since last request: 8.898998 seconds.
  path: Assets/Prefabs/Spawns
  artifactKey: Guid(6f904bedde6afdb47bed18680ae15c64) Importer(815301076,1909f56bfc062723c751e8b465ee728b)
Start importing Assets/Prefabs/Spawns using Guid(6f904bedde6afdb47bed18680ae15c64) Importer(815301076,1909f56bfc062723c751e8b465ee728b)  -> (artifact id: '4b1323eec2c11d718d9b4fc9565c278b') in 0.011272 seconds
  Import took 0.012054 seconds .

========================================================================
Received Prepare
Registering precompiled user dll's ...
Registered in 0.000047 seconds.
Begin MonoManager ReloadAssembly
Native extension for WindowsStandalone target not found
Refreshing native plugins compatible for Editor in 0.08 ms, found 0 plugins.
Preloading 0 native plugins for Editor in 0.00 ms.
Invoked RoslynAnalysisRunner static constructor.
RoslynAnalysisRunner will not be running.
RoslynAnalysisRunner has terminated.
Mono: successfully reloaded assembly
- Completed reload, in  0.791 seconds
Platform modules already initialized, skipping
Refreshing native plugins compatible for Editor in 0.08 ms, found 0 plugins.
Preloading 0 native plugins for Editor in 0.00 ms.
Unloading 237 Unused Serialized files (Serialized files now loaded: 0)
System memory in use before: 31.2 MB.
System memory in use after: 31.3 MB.

Unloading 1 unused Assets to reduce memory usage. Loaded Objects now: 681.
Total: 1.384800 ms (FindLiveObjects: 0.115100 ms CreateObjectMapping: 0.008800 ms MarkObjects: 1.249100 ms  DeleteObjects: 0.010600 ms)

========================================================================
Received Import Request.
  Time since last request: 43.836983 seconds.
  path: Assets/Scripts/Canvas.cs
  artifactKey: Guid(42b4d499367b355429e9bf151aea4328) Importer(815301076,1909f56bfc062723c751e8b465ee728b)
Start importing Assets/Scripts/Canvas.cs using Guid(42b4d499367b355429e9bf151aea4328) Importer(815301076,1909f56bfc062723c751e8b465ee728b)  -> (artifact id: '0ca4ee4739652410f4b0cc1e592bc36d') in 0.004545 seconds
  Import took 0.005416 seconds .

========================================================================
Received Import Request.
  Time since last request: 22.743137 seconds.
  path: Assets/Scripts/CanvasManager.cs
  artifactKey: Guid(42b4d499367b355429e9bf151aea4328) Importer(815301076,1909f56bfc062723c751e8b465ee728b)
Start importing Assets/Scripts/CanvasManager.cs using Guid(42b4d499367b355429e9bf151aea4328) Importer(815301076,1909f56bfc062723c751e8b465ee728b)  -> (artifact id: 'f09c11fbf4891335d7e3bdd616b34882') in 0.012115 seconds
  Import took 0.012987 seconds .

========================================================================
Received Prepare
Registering precompiled user dll's ...
Registered in 0.000022 seconds.
Begin MonoManager ReloadAssembly
Native extension for WindowsStandalone target not found
Refreshing native plugins compatible for Editor in 0.09 ms, found 0 plugins.
Preloading 0 native plugins for Editor in 0.00 ms.
Invoked RoslynAnalysisRunner static constructor.
RoslynAnalysisRunner will not be running.
RoslynAnalysisRunner has terminated.
Mono: successfully reloaded assembly
- Completed reload, in  0.767 seconds
Platform modules already initialized, skipping
Refreshing native plugins compatible for Editor in 0.09 ms, found 0 plugins.
Preloading 0 native plugins for Editor in 0.00 ms.
Unloading 237 Unused Serialized files (Serialized files now loaded: 0)
System memory in use before: 31.3 MB.
System memory in use after: 31.3 MB.

Unloading 1 unused Assets to reduce memory usage. Loaded Objects now: 681.
Total: 1.333500 ms (FindLiveObjects: 0.090000 ms CreateObjectMapping: 0.008600 ms MarkObjects: 1.222800 ms  DeleteObjects: 0.011000 ms)

========================================================================
Received Prepare
Registering precompiled user dll's ...
Registered in 0.000032 seconds.
Begin MonoManager ReloadAssembly
Native extension for WindowsStandalone target not found
Refreshing native plugins compatible for Editor in 0.09 ms, found 0 plugins.
Preloading 0 native plugins for Editor in 0.00 ms.
Invoked RoslynAnalysisRunner static constructor.
RoslynAnalysisRunner will not be running.
RoslynAnalysisRunner has terminated.
Mono: successfully reloaded assembly
- Completed reload, in  0.752 seconds
Platform modules already initialized, skipping
Refreshing native plugins compatible for Editor in 0.08 ms, found 0 plugins.
Preloading 0 native plugins for Editor in 0.00 ms.
Unloading 237 Unused Serialized files (Serialized files now loaded: 0)
System memory in use before: 31.3 MB.
System memory in use after: 31.3 MB.

Unloading 1 unused Assets to reduce memory usage. Loaded Objects now: 681.
Total: 1.274500 ms (FindLiveObjects: 0.080100 ms CreateObjectMapping: 0.008600 ms MarkObjects: 1.174100 ms  DeleteObjects: 0.010900 ms)

========================================================================
Received Import Request.
  Time since last request: 17.907967 seconds.
  path: Assets/Scripts/CanvasManager.cs
  artifactKey: Guid(42b4d499367b355429e9bf151aea4328) Importer(815301076,1909f56bfc062723c751e8b465ee728b)
Start importing Assets/Scripts/CanvasManager.cs using Guid(42b4d499367b355429e9bf151aea4328) Importer(815301076,1909f56bfc062723c751e8b465ee728b)  -> (artifact id: 'df98a37412caf5f7a644a560934aae62') in 0.004529 seconds
  Import took 0.005269 seconds .

========================================================================
Received Prepare
Registering precompiled user dll's ...
Registered in 0.000024 seconds.
Begin MonoManager ReloadAssembly
Native extension for WindowsStandalone target not found
Refreshing native plugins compatible for Editor in 0.08 ms, found 0 plugins.
Preloading 0 native plugins for Editor in 0.00 ms.
Invoked RoslynAnalysisRunner static constructor.
RoslynAnalysisRunner will not be running.
RoslynAnalysisRunner has terminated.
Mono: successfully reloaded assembly
- Completed reload, in  0.741 seconds
Platform modules already initialized, skipping
Refreshing native plugins compatible for Editor in 0.08 ms, found 0 plugins.
Preloading 0 native plugins for Editor in 0.00 ms.
Unloading 237 Unused Serialized files (Serialized files now loaded: 0)
System memory in use before: 31.3 MB.
System memory in use after: 31.3 MB.

Unloading 1 unused Assets to reduce memory usage. Loaded Objects now: 681.
Total: 1.263400 ms (FindLiveObjects: 0.074900 ms CreateObjectMapping: 0.008400 ms MarkObjects: 1.169500 ms  DeleteObjects: 0.009700 ms)

========================================================================
Received Import Request.
  Time since last request: 193.926505 seconds.
  path: Assets/Scripts/CanvasManager.cs
  artifactKey: Guid(42b4d499367b355429e9bf151aea4328) Importer(815301076,1909f56bfc062723c751e8b465ee728b)
Start importing Assets/Scripts/CanvasManager.cs using Guid(42b4d499367b355429e9bf151aea4328) Importer(815301076,1909f56bfc062723c751e8b465ee728b)  -> (artifact id: 'dee14a3cb55f8ffa37374e3ec03e00e7') in 0.004418 seconds
  Import took 0.005249 seconds .

========================================================================
Received Import Request.
  Time since last request: 22.125635 seconds.
  path: Assets/Scripts/GameManager.cs
  artifactKey: Guid(b676ddc963bf0c147bb10f71b64e6d0b) Importer(815301076,1909f56bfc062723c751e8b465ee728b)
Start importing Assets/Scripts/GameManager.cs using Guid(b676ddc963bf0c147bb10f71b64e6d0b) Importer(815301076,1909f56bfc062723c751e8b465ee728b)  -> (artifact id: 'b5f9c1cf999f31350c44a3fa9b2cd242') in 0.003761 seconds
  Import took 0.004501 seconds .

========================================================================
Received Import Request.
  Time since last request: 0.000781 seconds.
  path: Assets/Scripts/GameManager.cs
  artifactKey: Guid(b676ddc963bf0c147bb10f71b64e6d0b) Importer(815301076,1909f56bfc062723c751e8b465ee728b)
Start importing Assets/Scripts/GameManager.cs using Guid(b676ddc963bf0c147bb10f71b64e6d0b) Importer(815301076,1909f56bfc062723c751e8b465ee728b)  -> (artifact id: 'b5f9c1cf999f31350c44a3fa9b2cd242') in 0.005152 seconds
  Import took 0.005930 seconds .

========================================================================
Received Prepare
Registering precompiled user dll's ...
Registered in 0.000052 seconds.
Begin MonoManager ReloadAssembly
Native extension for WindowsStandalone target not found
Refreshing native plugins compatible for Editor in 0.08 ms, found 0 plugins.
Preloading 0 native plugins for Editor in 0.00 ms.
Invoked RoslynAnalysisRunner static constructor.
RoslynAnalysisRunner will not be running.
RoslynAnalysisRunner has terminated.
Mono: successfully reloaded assembly
- Completed reload, in  0.755 seconds
Platform modules already initialized, skipping
Refreshing native plugins compatible for Editor in 0.08 ms, found 0 plugins.
Preloading 0 native plugins for Editor in 0.00 ms.
Unloading 237 Unused Serialized files (Serialized files now loaded: 0)
System memory in use before: 31.3 MB.
System memory in use after: 31.3 MB.

Unloading 1 unused Assets to reduce memory usage. Loaded Objects now: 681.
Total: 1.288100 ms (FindLiveObjects: 0.085200 ms CreateObjectMapping: 0.014300 ms MarkObjects: 1.177600 ms  DeleteObjects: 0.009800 ms)

========================================================================
Received Prepare
Registering precompiled user dll's ...
Registered in 0.000031 seconds.
Begin MonoManager ReloadAssembly
Native extension for WindowsStandalone target not found
Refreshing native plugins compatible for Editor in 0.08 ms, found 0 plugins.
Preloading 0 native plugins for Editor in 0.00 ms.
Invoked RoslynAnalysisRunner static constructor.
RoslynAnalysisRunner will not be running.
RoslynAnalysisRunner has terminated.
Mono: successfully reloaded assembly
- Completed reload, in  0.749 seconds
Platform modules already initialized, skipping
Refreshing native plugins compatible for Editor in 0.08 ms, found 0 plugins.
Preloading 0 native plugins for Editor in 0.00 ms.
Unloading 237 Unused Serialized files (Serialized files now loaded: 0)
System memory in use before: 31.3 MB.
System memory in use after: 31.3 MB.

Unloading 1 unused Assets to reduce memory usage. Loaded Objects now: 681.
Total: 1.427300 ms (FindLiveObjects: 0.092600 ms CreateObjectMapping: 0.009500 ms MarkObjects: 1.313600 ms  DeleteObjects: 0.010200 ms)

========================================================================
Received Prepare
Registering precompiled user dll's ...
Registered in 0.000030 seconds.
Begin MonoManager ReloadAssembly
Native extension for WindowsStandalone target not found
Refreshing native plugins compatible for Editor in 0.09 ms, found 0 plugins.
Preloading 0 native plugins for Editor in 0.00 ms.
Invoked RoslynAnalysisRunner static constructor.
RoslynAnalysisRunner will not be running.
RoslynAnalysisRunner has terminated.
Mono: successfully reloaded assembly
- Completed reload, in  0.739 seconds
Platform modules already initialized, skipping
Refreshing native plugins compatible for Editor in 0.09 ms, found 0 plugins.
Preloading 0 native plugins for Editor in 0.00 ms.
Unloading 237 Unused Serialized files (Serialized files now loaded: 0)
System memory in use before: 31.3 MB.
System memory in use after: 31.3 MB.

Unloading 1 unused Assets to reduce memory usage. Loaded Objects now: 681.
Total: 1.235500 ms (FindLiveObjects: 0.076200 ms CreateObjectMapping: 0.008100 ms MarkObjects: 1.141500 ms  DeleteObjects: 0.009000 ms)

========================================================================
Received Prepare
Registering precompiled user dll's ...
Registered in 0.000029 seconds.
Begin MonoManager ReloadAssembly
Native extension for WindowsStandalone target not found
Refreshing native plugins compatible for Editor in 0.08 ms, found 0 plugins.
Preloading 0 native plugins for Editor in 0.00 ms.
Invoked RoslynAnalysisRunner static constructor.
RoslynAnalysisRunner will not be running.
RoslynAnalysisRunner has terminated.
Mono: successfully reloaded assembly
- Completed reload, in  0.751 seconds
Platform modules already initialized, skipping
Refreshing native plugins compatible for Editor in 0.08 ms, found 0 plugins.
Preloading 0 native plugins for Editor in 0.00 ms.
Unloading 237 Unused Serialized files (Serialized files now loaded: 0)
System memory in use before: 31.3 MB.
System memory in use after: 31.3 MB.

Unloading 1 unused Assets to reduce memory usage. Loaded Objects now: 681.
Total: 1.354400 ms (FindLiveObjects: 0.085100 ms CreateObjectMapping: 0.009000 ms MarkObjects: 1.243400 ms  DeleteObjects: 0.015900 ms)

========================================================================
Received Prepare
Registering precompiled user dll's ...
Registered in 0.000043 seconds.
Begin MonoManager ReloadAssembly
Native extension for WindowsStandalone target not found
Refreshing native plugins compatible for Editor in 0.09 ms, found 0 plugins.
Preloading 0 native plugins for Editor in 0.00 ms.
Invoked RoslynAnalysisRunner static constructor.
RoslynAnalysisRunner will not be running.
RoslynAnalysisRunner has terminated.
Mono: successfully reloaded assembly
- Completed reload, in  0.740 seconds
Platform modules already initialized, skipping
Refreshing native plugins compatible for Editor in 0.08 ms, found 0 plugins.
Preloading 0 native plugins for Editor in 0.00 ms.
Unloading 237 Unused Serialized files (Serialized files now loaded: 0)
System memory in use before: 31.3 MB.
System memory in use after: 31.3 MB.

Unloading 1 unused Assets to reduce memory usage. Loaded Objects now: 681.
Total: 1.333300 ms (FindLiveObjects: 0.105600 ms CreateObjectMapping: 0.013800 ms MarkObjects: 1.198200 ms  DeleteObjects: 0.014800 ms)

========================================================================
Received Prepare
Registering precompiled user dll's ...
Registered in 0.000028 seconds.
Begin MonoManager ReloadAssembly
Native extension for WindowsStandalone target not found
Refreshing native plugins compatible for Editor in 0.09 ms, found 0 plugins.
Preloading 0 native plugins for Editor in 0.00 ms.
Invoked RoslynAnalysisRunner static constructor.
RoslynAnalysisRunner will not be running.
RoslynAnalysisRunner has terminated.
Mono: successfully reloaded assembly
- Completed reload, in  0.760 seconds
Platform modules already initialized, skipping
Refreshing native plugins compatible for Editor in 0.08 ms, found 0 plugins.
Preloading 0 native plugins for Editor in 0.00 ms.
Unloading 237 Unused Serialized files (Serialized files now loaded: 0)
System memory in use before: 31.3 MB.
System memory in use after: 31.3 MB.

Unloading 1 unused Assets to reduce memory usage. Loaded Objects now: 681.
Total: 1.322100 ms (FindLiveObjects: 0.086200 ms CreateObjectMapping: 0.009000 ms MarkObjects: 1.214700 ms  DeleteObjects: 0.011200 ms)

========================================================================
Received Prepare
Registering precompiled user dll's ...
Registered in 0.000050 seconds.
Begin MonoManager ReloadAssembly
Native extension for WindowsStandalone target not found
Refreshing native plugins compatible for Editor in 0.13 ms, found 0 plugins.
Preloading 0 native plugins for Editor in 0.00 ms.
Invoked RoslynAnalysisRunner static constructor.
RoslynAnalysisRunner will not be running.
RoslynAnalysisRunner has terminated.
Mono: successfully reloaded assembly
- Completed reload, in  0.740 seconds
Platform modules already initialized, skipping
Refreshing native plugins compatible for Editor in 0.09 ms, found 0 plugins.
Preloading 0 native plugins for Editor in 0.00 ms.
Unloading 237 Unused Serialized files (Serialized files now loaded: 0)
System memory in use before: 31.3 MB.
System memory in use after: 31.3 MB.

Unloading 1 unused Assets to reduce memory usage. Loaded Objects now: 681.
Total: 1.406200 ms (FindLiveObjects: 0.112900 ms CreateObjectMapping: 0.011800 ms MarkObjects: 1.268700 ms  DeleteObjects: 0.011300 ms)

========================================================================
Received Prepare
Registering precompiled user dll's ...
Registered in 0.000032 seconds.
Begin MonoManager ReloadAssembly
Native extension for WindowsStandalone target not found
Refreshing native plugins compatible for Editor in 0.08 ms, found 0 plugins.
Preloading 0 native plugins for Editor in 0.00 ms.
Invoked RoslynAnalysisRunner static constructor.
RoslynAnalysisRunner will not be running.
RoslynAnalysisRunner has terminated.
Mono: successfully reloaded assembly
- Completed reload, in  0.759 seconds
Platform modules already initialized, skipping
Refreshing native plugins compatible for Editor in 0.08 ms, found 0 plugins.
Preloading 0 native plugins for Editor in 0.00 ms.
Unloading 237 Unused Serialized files (Serialized files now loaded: 0)
System memory in use before: 31.3 MB.
System memory in use after: 31.3 MB.

Unloading 1 unused Assets to reduce memory usage. Loaded Objects now: 681.
Total: 1.313900 ms (FindLiveObjects: 0.081300 ms CreateObjectMapping: 0.008700 ms MarkObjects: 1.211600 ms  DeleteObjects: 0.011200 ms)

========================================================================
Received Import Request.
  Time since last request: 2467.928186 seconds.
  path: Assets/Scripts/GameManager.cs
  artifactKey: Guid(b676ddc963bf0c147bb10f71b64e6d0b) Importer(815301076,1909f56bfc062723c751e8b465ee728b)
Start importing Assets/Scripts/GameManager.cs using Guid(b676ddc963bf0c147bb10f71b64e6d0b) Importer(815301076,1909f56bfc062723c751e8b465ee728b)  -> (artifact id: '14c7f6f27cde4d552fcfd5a5b45c9791') in 0.004648 seconds
  Import took 0.006735 seconds .

========================================================================
Received Import Request.
  Time since last request: 0.001146 seconds.
  path: Assets/Scripts/GameManager.cs
  artifactKey: Guid(b676ddc963bf0c147bb10f71b64e6d0b) Importer(815301076,1909f56bfc062723c751e8b465ee728b)
Start importing Assets/Scripts/GameManager.cs using Guid(b676ddc963bf0c147bb10f71b64e6d0b) Importer(815301076,1909f56bfc062723c751e8b465ee728b)  -> (artifact id: '14c7f6f27cde4d552fcfd5a5b45c9791') in 0.003407 seconds
  Import took 0.004249 seconds .

========================================================================
Received Import Request.
  Time since last request: 0.735498 seconds.
  path: Assets/Scripts/CanvasManager.cs
  artifactKey: Guid(42b4d499367b355429e9bf151aea4328) Importer(815301076,1909f56bfc062723c751e8b465ee728b)
Start importing Assets/Scripts/CanvasManager.cs using Guid(42b4d499367b355429e9bf151aea4328) Importer(815301076,1909f56bfc062723c751e8b465ee728b)  -> (artifact id: '1365391dc9d8ef693fec37bbc3002125') in 0.003301 seconds
  Import took 0.004129 seconds .

========================================================================
Received Import Request.
  Time since last request: 0.001225 seconds.
  path: Assets/Scripts/CanvasManager.cs
  artifactKey: Guid(42b4d499367b355429e9bf151aea4328) Importer(815301076,1909f56bfc062723c751e8b465ee728b)
Start importing Assets/Scripts/CanvasManager.cs using Guid(42b4d499367b355429e9bf151aea4328) Importer(815301076,1909f56bfc062723c751e8b465ee728b)  -> (artifact id: '1365391dc9d8ef693fec37bbc3002125') in 0.003707 seconds
  Import took 0.004525 seconds .

========================================================================
Received Import Request.
  Time since last request: 14.343589 seconds.
  path: Assets/Prefabs/Timers
  artifactKey: Guid(789327766d0f524489d0e9e0e1e1b654) Importer(815301076,1909f56bfc062723c751e8b465ee728b)
Start importing Assets/Prefabs/Timers using Guid(789327766d0f524489d0e9e0e1e1b654) Importer(815301076,1909f56bfc062723c751e8b465ee728b)  -> (artifact id: '66b2c2364b3b65ac0098e695bd90467a') in 0.010759 seconds
  Import took 0.012751 seconds .

========================================================================
Received Import Request.
  Time since last request: 10.594292 seconds.
  path: Assets/Prefabs/Timers/BurgerTimer.prefab
  artifactKey: Guid(964266eda9f9a7549adfa6e0de291d9a) Importer(815301076,1909f56bfc062723c751e8b465ee728b)
Start importing Assets/Prefabs/Timers/BurgerTimer.prefab using Guid(964266eda9f9a7549adfa6e0de291d9a) Importer(815301076,1909f56bfc062723c751e8b465ee728b)  -> (artifact id: '4daeefb73bf5110cc7a70a84e7d90cd5') in 0.040051 seconds
  Import took 0.041178 seconds .

========================================================================
Received Import Request.
  Time since last request: 0.003025 seconds.
  path: Assets/Prefabs/Timers/BurgerTimer.prefab
  artifactKey: Guid(964266eda9f9a7549adfa6e0de291d9a) Importer(815301076,1909f56bfc062723c751e8b465ee728b)
Start importing Assets/Prefabs/Timers/BurgerTimer.prefab using Guid(964266eda9f9a7549adfa6e0de291d9a) Importer(815301076,1909f56bfc062723c751e8b465ee728b)  -> (artifact id: '4daeefb73bf5110cc7a70a84e7d90cd5') in 0.005213 seconds
  Import took 0.006086 seconds .

========================================================================
Received Import Request.
  Time since last request: 1.762946 seconds.
  path: Assets/Prefabs/Timers/PizzaTimer.prefab
  artifactKey: Guid(ed32906ed03e06445b36d7d8fa68a708) Importer(815301076,1909f56bfc062723c751e8b465ee728b)
Start importing Assets/Prefabs/Timers/PizzaTimer.prefab using Guid(ed32906ed03e06445b36d7d8fa68a708) Importer(815301076,1909f56bfc062723c751e8b465ee728b)  -> (artifact id: '3a4e889e7069cdd90f78c2909711b54e') in 0.011997 seconds
  Import took 0.012985 seconds .

========================================================================
Received Import Request.
  Time since last request: 1.963949 seconds.
  path: Assets/Prefabs/Timers/SoupTimer.prefab
  artifactKey: Guid(dac07c1b825449e4fac14a9d958be647) Importer(815301076,1909f56bfc062723c751e8b465ee728b)
Start importing Assets/Prefabs/Timers/SoupTimer.prefab using Guid(dac07c1b825449e4fac14a9d958be647) Importer(815301076,1909f56bfc062723c751e8b465ee728b)  -> (artifact id: 'ace3df8713c0a71ee8f2899775f2d53c') in 0.011959 seconds
  Import took 0.012956 seconds .

========================================================================
Received Import Request.
  Time since last request: 6.275078 seconds.
  path: Assets/Scripts/CanvasManager.cs
  artifactKey: Guid(42b4d499367b355429e9bf151aea4328) Importer(815301076,1909f56bfc062723c751e8b465ee728b)
Start importing Assets/Scripts/CanvasManager.cs using Guid(42b4d499367b355429e9bf151aea4328) Importer(815301076,1909f56bfc062723c751e8b465ee728b)  -> (artifact id: '96c76aec831a1369856c31f93895d135') in 0.011386 seconds
  Import took 0.012206 seconds .

========================================================================
Received Prepare
Registering precompiled user dll's ...
Registered in 0.000022 seconds.
Begin MonoManager ReloadAssembly
Native extension for WindowsStandalone target not found
Refreshing native plugins compatible for Editor in 0.08 ms, found 0 plugins.
Preloading 0 native plugins for Editor in 0.00 ms.
Invoked RoslynAnalysisRunner static constructor.
RoslynAnalysisRunner will not be running.
RoslynAnalysisRunner has terminated.
Mono: successfully reloaded assembly
- Completed reload, in  0.759 seconds
Platform modules already initialized, skipping
Refreshing native plugins compatible for Editor in 0.08 ms, found 0 plugins.
Preloading 0 native plugins for Editor in 0.00 ms.
Unloading 237 Unused Serialized files (Serialized files now loaded: 0)
System memory in use before: 31.4 MB.
System memory in use after: 31.4 MB.

Unloading 1 unused Assets to reduce memory usage. Loaded Objects now: 683.
Total: 1.814300 ms (FindLiveObjects: 0.079600 ms CreateObjectMapping: 0.008200 ms MarkObjects: 1.706600 ms  DeleteObjects: 0.018500 ms)

========================================================================
Received Import Request.
  Time since last request: 10.045538 seconds.
  path: Assets/Scripts/CanvasManager.cs
  artifactKey: Guid(42b4d499367b355429e9bf151aea4328) Importer(815301076,1909f56bfc062723c751e8b465ee728b)
Start importing Assets/Scripts/CanvasManager.cs using Guid(42b4d499367b355429e9bf151aea4328) Importer(815301076,1909f56bfc062723c751e8b465ee728b)  -> (artifact id: '41dd42cf7e8def23381a2d09f908d552') in 0.005592 seconds
  Import took 0.006773 seconds .

========================================================================
Received Prepare
Registering precompiled user dll's ...
Registered in 0.000022 seconds.
Begin MonoManager ReloadAssembly
Native extension for WindowsStandalone target not found
Refreshing native plugins compatible for Editor in 0.08 ms, found 0 plugins.
Preloading 0 native plugins for Editor in 0.00 ms.
Invoked RoslynAnalysisRunner static constructor.
RoslynAnalysisRunner will not be running.
RoslynAnalysisRunner has terminated.
Mono: successfully reloaded assembly
- Completed reload, in  0.749 seconds
Platform modules already initialized, skipping
Refreshing native plugins compatible for Editor in 0.08 ms, found 0 plugins.
Preloading 0 native plugins for Editor in 0.00 ms.
Unloading 237 Unused Serialized files (Serialized files now loaded: 0)
System memory in use before: 31.4 MB.
System memory in use after: 31.4 MB.

Unloading 1 unused Assets to reduce memory usage. Loaded Objects now: 683.
Total: 1.367500 ms (FindLiveObjects: 0.074500 ms CreateObjectMapping: 0.008700 ms MarkObjects: 1.272200 ms  DeleteObjects: 0.010600 ms)

========================================================================
Received Prepare
Registering precompiled user dll's ...
Registered in 0.000025 seconds.
Begin MonoManager ReloadAssembly
Native extension for WindowsStandalone target not found
Refreshing native plugins compatible for Editor in 0.08 ms, found 0 plugins.
Preloading 0 native plugins for Editor in 0.00 ms.
Invoked RoslynAnalysisRunner static constructor.
RoslynAnalysisRunner will not be running.
RoslynAnalysisRunner has terminated.
Mono: successfully reloaded assembly
- Completed reload, in  0.755 seconds
Platform modules already initialized, skipping
Refreshing native plugins compatible for Editor in 0.08 ms, found 0 plugins.
Preloading 0 native plugins for Editor in 0.00 ms.
Unloading 237 Unused Serialized files (Serialized files now loaded: 0)
System memory in use before: 31.4 MB.
System memory in use after: 31.4 MB.

Unloading 1 unused Assets to reduce memory usage. Loaded Objects now: 683.
Total: 1.251300 ms (FindLiveObjects: 0.074800 ms CreateObjectMapping: 0.008300 ms MarkObjects: 1.157700 ms  DeleteObjects: 0.009100 ms)

========================================================================
Received Prepare
Registering precompiled user dll's ...
Registered in 0.000028 seconds.
Begin MonoManager ReloadAssembly
Native extension for WindowsStandalone target not found
Refreshing native plugins compatible for Editor in 0.09 ms, found 0 plugins.
Preloading 0 native plugins for Editor in 0.00 ms.
Invoked RoslynAnalysisRunner static constructor.
RoslynAnalysisRunner will not be running.
RoslynAnalysisRunner has terminated.
Mono: successfully reloaded assembly
- Completed reload, in  0.743 seconds
Platform modules already initialized, skipping
Refreshing native plugins compatible for Editor in 0.09 ms, found 0 plugins.
Preloading 0 native plugins for Editor in 0.00 ms.
Unloading 237 Unused Serialized files (Serialized files now loaded: 0)
System memory in use before: 31.4 MB.
System memory in use after: 31.4 MB.

Unloading 1 unused Assets to reduce memory usage. Loaded Objects now: 683.
Total: 1.253500 ms (FindLiveObjects: 0.072900 ms CreateObjectMapping: 0.009000 ms MarkObjects: 1.161500 ms  DeleteObjects: 0.009100 ms)

========================================================================
Received Prepare
Registering precompiled user dll's ...
Registered in 0.000071 seconds.
Begin MonoManager ReloadAssembly
Native extension for WindowsStandalone target not found
Refreshing native plugins compatible for Editor in 0.19 ms, found 0 plugins.
Preloading 0 native plugins for Editor in 0.00 ms.
Invoked RoslynAnalysisRunner static constructor.
RoslynAnalysisRunner will not be running.
RoslynAnalysisRunner has terminated.
Mono: successfully reloaded assembly
- Completed reload, in  0.736 seconds
Platform modules already initialized, skipping
Refreshing native plugins compatible for Editor in 0.08 ms, found 0 plugins.
Preloading 0 native plugins for Editor in 0.00 ms.
Unloading 237 Unused Serialized files (Serialized files now loaded: 0)
System memory in use before: 31.4 MB.
System memory in use after: 31.4 MB.

Unloading 1 unused Assets to reduce memory usage. Loaded Objects now: 683.
Total: 1.336000 ms (FindLiveObjects: 0.112300 ms CreateObjectMapping: 0.008500 ms MarkObjects: 1.201000 ms  DeleteObjects: 0.013200 ms)

========================================================================
Received Prepare
Registering precompiled user dll's ...
Registered in 0.000034 seconds.
Begin MonoManager ReloadAssembly
Native extension for WindowsStandalone target not found
Refreshing native plugins compatible for Editor in 0.09 ms, found 0 plugins.
Preloading 0 native plugins for Editor in 0.00 ms.
Invoked RoslynAnalysisRunner static constructor.
RoslynAnalysisRunner will not be running.
RoslynAnalysisRunner has terminated.
Mono: successfully reloaded assembly
- Completed reload, in  0.939 seconds
Platform modules already initialized, skipping
Refreshing native plugins compatible for Editor in 0.08 ms, found 0 plugins.
Preloading 0 native plugins for Editor in 0.00 ms.
Unloading 237 Unused Serialized files (Serialized files now loaded: 0)
System memory in use before: 31.4 MB.
System memory in use after: 31.4 MB.

Unloading 1 unused Assets to reduce memory usage. Loaded Objects now: 683.
Total: 1.382600 ms (FindLiveObjects: 0.110600 ms CreateObjectMapping: 0.017400 ms MarkObjects: 1.239800 ms  DeleteObjects: 0.013300 ms)

AssetImportWorkerClient::OnTransportError - code=2 error=End of file
